2020-04-13 00:40:03.957 DEBUG [main] [com.stepdefination.Test_WebshopRegister] [user_launches_webshop_page] [com.stepdefination.Test_WebshopRegister.user_launches_webshop_page(Test_WebshopRegister.java:21)] - Chrome Launched and navigated to website
2020-04-13 00:40:06.969 INFO [main] [com.stepdefination.Test_WebshopRegister] [user_enters_valid_credentials] [com.stepdefination.Test_WebshopRegister.user_enters_valid_credentials(Test_WebshopRegister.java:28)] - Required details for registration were entered
2020-04-13 00:40:06.971 WARN [main] [com.stepdefination.Test_WebshopRegister] [user_Registered_successfully] [com.stepdefination.Test_WebshopRegister.user_Registered_successfully(Test_WebshopRegister.java:32)] - You entered an existed email id
2020-04-13 00:40:06.972 ERROR [main] [com.stepdefination.Test_WebshopRegister] [user_Registered_successfully] [com.stepdefination.Test_WebshopRegister.user_Registered_successfully(Test_WebshopRegister.java:33)] - the registration is not successful
2020-04-13 00:40:20.989 DEBUG [main] [com.stepdefination.Test_LoginPage] [user_launches_demowebshop_page] [com.stepdefination.Test_LoginPage.user_launches_demowebshop_page(Test_LoginPage.java:27)] - firefox launched and website opened
2020-04-13 00:40:36.999 DEBUG [main] [com.stepdefination.TestAddtoCart] [the_user_launches_the_chrome_application] [com.stepdefination.TestAddtoCart.the_user_launches_the_chrome_application(TestAddtoCart.java:24)] - chrome Launched and navigated to website
2020-04-13 00:40:39.566 INFO [main] [com.stepdefination.TestAddtoCart] [the_user_logged_into_the_home_page] [com.stepdefination.TestAddtoCart.the_user_logged_into_the_home_page(TestAddtoCart.java:36)] - login successfully
2020-04-13 00:40:44.402 INFO [main] [com.stepdefination.TestAddtoCart] [the_user_search_the_product] [com.stepdefination.TestAddtoCart.the_user_search_the_product(TestAddtoCart.java:43)] - the products  were searched 
2020-04-13 00:40:44.702 INFO [main] [com.stepdefination.TestAddtoCart] [the_user_give_the_specifications] [com.stepdefination.TestAddtoCart.the_user_give_the_specifications(TestAddtoCart.java:51)] - Requird specifications were entered
2020-04-13 00:40:45.571 INFO [main] [com.stepdefination.TestAddtoCart] [the_user_adds_the_product_to_the_cart] [com.stepdefination.TestAddtoCart.the_user_adds_the_product_to_the_cart(TestAddtoCart.java:60)] - Products added to cart successfully
2020-04-13 00:40:59.848 DEBUG [main] [com.stepdefination.Test_WebshopRegister] [the_user_launches_chrome] [com.stepdefination.Test_ProductWishlist.the_user_launches_chrome(Test_ProductWishlist.java:24)] - Chrome launched and website opened
2020-04-13 00:41:02.098 INFO [main] [com.stepdefination.Test_WebshopRegister] [the_user_navigated_into_the_home_page] [com.stepdefination.Test_ProductWishlist.the_user_navigated_into_the_home_page(Test_ProductWishlist.java:35)] - login successfully
2020-04-13 00:41:32.682 DEBUG [main] [com.stepdefination.Test_WebshopRegister] [user_launches_to_chrome_page] [com.stepdefination.Test_AddAddress.user_launches_to_chrome_page(Test_AddAddress.java:24)] - firefox launched and website opened
2020-04-13 00:41:35.838 INFO [main] [com.stepdefination.Test_WebshopRegister] [user_logged_into_the_home_page] [com.stepdefination.Test_AddAddress.user_logged_into_the_home_page(Test_AddAddress.java:36)] - login successfully
2020-04-13 00:41:40.744 INFO [main] [com.stepdefination.Test_WebshopRegister] [the_user_can_add_the_address] [com.stepdefination.Test_AddAddress.the_user_can_add_the_address(Test_AddAddress.java:45)] - address added successfully
2020-04-13 00:45:31.782 DEBUG [main] [com.stepdefination.Test_WebshopRegister] [user_launches_webshop_page] [com.stepdefination.Test_WebshopRegister.user_launches_webshop_page(Test_WebshopRegister.java:21)] - Chrome Launched and navigated to website
2020-04-13 00:45:34.481 INFO [main] [com.stepdefination.Test_WebshopRegister] [user_enters_valid_credentials] [com.stepdefination.Test_WebshopRegister.user_enters_valid_credentials(Test_WebshopRegister.java:28)] - Required details for registration were entered
2020-04-13 00:45:34.486 WARN [main] [com.stepdefination.Test_WebshopRegister] [user_Registered_successfully] [com.stepdefination.Test_WebshopRegister.user_Registered_successfully(Test_WebshopRegister.java:32)] - You entered an existed email id
2020-04-13 00:45:34.487 ERROR [main] [com.stepdefination.Test_WebshopRegister] [user_Registered_successfully] [com.stepdefination.Test_WebshopRegister.user_Registered_successfully(Test_WebshopRegister.java:33)] - the registration is not successful
2020-04-13 00:45:51.387 DEBUG [main] [com.stepdefination.Test_LoginPage] [user_launches_demowebshop_page] [com.stepdefination.Test_LoginPage.user_launches_demowebshop_page(Test_LoginPage.java:27)] - firefox launched and website opened
2020-04-13 00:46:11.533 DEBUG [main] [com.stepdefination.TestAddtoCart] [the_user_launches_the_chrome_application] [com.stepdefination.TestAddtoCart.the_user_launches_the_chrome_application(TestAddtoCart.java:24)] - chrome Launched and navigated to website
2020-04-13 00:46:13.800 INFO [main] [com.stepdefination.TestAddtoCart] [the_user_logged_into_the_home_page] [com.stepdefination.TestAddtoCart.the_user_logged_into_the_home_page(TestAddtoCart.java:36)] - login successfully
2020-04-13 00:46:18.252 INFO [main] [com.stepdefination.TestAddtoCart] [the_user_search_the_product] [com.stepdefination.TestAddtoCart.the_user_search_the_product(TestAddtoCart.java:43)] - the products  were searched 
2020-04-13 00:46:18.523 INFO [main] [com.stepdefination.TestAddtoCart] [the_user_give_the_specifications] [com.stepdefination.TestAddtoCart.the_user_give_the_specifications(TestAddtoCart.java:51)] - Requird specifications were entered
2020-04-13 00:46:19.372 INFO [main] [com.stepdefination.TestAddtoCart] [the_user_adds_the_product_to_the_cart] [com.stepdefination.TestAddtoCart.the_user_adds_the_product_to_the_cart(TestAddtoCart.java:60)] - Products added to cart successfully
2020-04-13 00:46:34.371 DEBUG [main] [com.stepdefination.Test_WebshopRegister] [the_user_launches_chrome] [com.stepdefination.Test_ProductWishlist.the_user_launches_chrome(Test_ProductWishlist.java:24)] - Chrome launched and website opened
2020-04-13 00:46:36.858 INFO [main] [com.stepdefination.Test_WebshopRegister] [the_user_navigated_into_the_home_page] [com.stepdefination.Test_ProductWishlist.the_user_navigated_into_the_home_page(Test_ProductWishlist.java:35)] - login successfully
2020-04-13 00:46:44.170 INFO [main] [com.stepdefination.Test_WebshopRegister] [the_user_adds_some_products_to_wishlist] [com.stepdefination.Test_ProductWishlist.the_user_adds_some_products_to_wishlist(Test_ProductWishlist.java:43)] - products added to wishlist
2020-04-13 00:46:45.012 INFO [main] [com.stepdefination.Test_WebshopRegister] [the_user_checks_the_recently_viewed_products] [com.stepdefination.Test_ProductWishlist.the_user_checks_the_recently_viewed_products(Test_ProductWishlist.java:50)] - Recently viewed products shown in the window
2020-04-13 00:47:08.371 DEBUG [main] [com.stepdefination.Test_WebshopRegister] [user_launches_to_chrome_page] [com.stepdefination.Test_AddAddress.user_launches_to_chrome_page(Test_AddAddress.java:24)] - firefox launched and website opened
2020-04-13 00:47:14.435 INFO [main] [com.stepdefination.Test_WebshopRegister] [user_logged_into_the_home_page] [com.stepdefination.Test_AddAddress.user_logged_into_the_home_page(Test_AddAddress.java:36)] - login successfully
2020-04-13 00:47:20.661 INFO [main] [com.stepdefination.Test_WebshopRegister] [the_user_can_add_the_address] [com.stepdefination.Test_AddAddress.the_user_can_add_the_address(Test_AddAddress.java:45)] - address added successfully
2020-04-13 00:49:46.917 DEBUG [main] [com.stepdefination.Test_WebshopRegister] [user_launches_webshop_page] [com.stepdefination.Test_WebshopRegister.user_launches_webshop_page(Test_WebshopRegister.java:21)] - Chrome Launched and navigated to website
2020-04-13 00:49:49.926 INFO [main] [com.stepdefination.Test_WebshopRegister] [user_enters_valid_credentials] [com.stepdefination.Test_WebshopRegister.user_enters_valid_credentials(Test_WebshopRegister.java:28)] - Required details for registration were entered
2020-04-13 00:49:49.941 WARN [main] [com.stepdefination.Test_WebshopRegister] [user_Registered_successfully] [com.stepdefination.Test_WebshopRegister.user_Registered_successfully(Test_WebshopRegister.java:32)] - You entered an existed email id
2020-04-13 00:49:49.943 ERROR [main] [com.stepdefination.Test_WebshopRegister] [user_Registered_successfully] [com.stepdefination.Test_WebshopRegister.user_Registered_successfully(Test_WebshopRegister.java:33)] - the registration is not successful
2020-04-13 00:50:08.375 DEBUG [main] [com.stepdefination.Test_LoginPage] [user_launches_demowebshop_page] [com.stepdefination.Test_LoginPage.user_launches_demowebshop_page(Test_LoginPage.java:27)] - firefox launched and website opened
2020-04-13 00:50:25.365 DEBUG [main] [com.stepdefination.TestAddtoCart] [the_user_launches_the_chrome_application] [com.stepdefination.TestAddtoCart.the_user_launches_the_chrome_application(TestAddtoCart.java:24)] - chrome Launched and navigated to website
2020-04-13 00:50:53.363 DEBUG [main] [com.stepdefination.Test_WebshopRegister] [the_user_launches_chrome] [com.stepdefination.Test_ProductWishlist.the_user_launches_chrome(Test_ProductWishlist.java:24)] - Chrome launched and website opened
2020-04-13 01:02:18.617 DEBUG [main] [com.stepdefination.Test_WebshopRegister] [user_launches_webshop_page] [com.stepdefination.Test_WebshopRegister.user_launches_webshop_page(Test_WebshopRegister.java:21)] - Chrome Launched and navigated to website
2020-04-13 01:02:21.182 INFO [main] [com.stepdefination.Test_WebshopRegister] [user_enters_valid_credentials] [com.stepdefination.Test_WebshopRegister.user_enters_valid_credentials(Test_WebshopRegister.java:28)] - Required details for registration were entered
2020-04-13 01:02:21.185 WARN [main] [com.stepdefination.Test_WebshopRegister] [user_Registered_successfully] [com.stepdefination.Test_WebshopRegister.user_Registered_successfully(Test_WebshopRegister.java:32)] - You entered an existed email id
2020-04-13 01:02:21.185 ERROR [main] [com.stepdefination.Test_WebshopRegister] [user_Registered_successfully] [com.stepdefination.Test_WebshopRegister.user_Registered_successfully(Test_WebshopRegister.java:33)] - the registration is not successful
2020-04-13 01:02:38.253 DEBUG [main] [com.stepdefination.Test_LoginPage] [user_launches_demowebshop_page] [com.stepdefination.Test_LoginPage.user_launches_demowebshop_page(Test_LoginPage.java:27)] - firefox launched and website opened
2020-04-13 01:02:54.182 DEBUG [main] [com.stepdefination.TestAddtoCart] [the_user_launches_the_chrome_application] [com.stepdefination.TestAddtoCart.the_user_launches_the_chrome_application(TestAddtoCart.java:24)] - chrome Launched and navigated to website
2020-04-13 01:02:57.574 INFO [main] [com.stepdefination.TestAddtoCart] [the_user_logged_into_the_home_page] [com.stepdefination.TestAddtoCart.the_user_logged_into_the_home_page(TestAddtoCart.java:36)] - login successfully
2020-04-13 01:03:02.495 INFO [main] [com.stepdefination.TestAddtoCart] [the_user_search_the_product] [com.stepdefination.TestAddtoCart.the_user_search_the_product(TestAddtoCart.java:43)] - the products  were searched 
2020-04-13 01:03:02.916 INFO [main] [com.stepdefination.TestAddtoCart] [the_user_give_the_specifications] [com.stepdefination.TestAddtoCart.the_user_give_the_specifications(TestAddtoCart.java:51)] - Requird specifications were entered
2020-04-13 01:03:03.755 INFO [main] [com.stepdefination.TestAddtoCart] [the_user_adds_the_product_to_the_cart] [com.stepdefination.TestAddtoCart.the_user_adds_the_product_to_the_cart(TestAddtoCart.java:60)] - Products added to cart successfully
2020-04-13 01:03:17.669 DEBUG [main] [com.stepdefination.Test_WebshopRegister] [the_user_launches_chrome] [com.stepdefination.Test_ProductWishlist.the_user_launches_chrome(Test_ProductWishlist.java:24)] - Chrome launched and website opened
2020-04-13 01:03:20.839 INFO [main] [com.stepdefination.Test_WebshopRegister] [the_user_navigated_into_the_home_page] [com.stepdefination.Test_ProductWishlist.the_user_navigated_into_the_home_page(Test_ProductWishlist.java:35)] - login successfully
2020-04-13 01:03:29.940 INFO [main] [com.stepdefination.Test_WebshopRegister] [the_user_adds_some_products_to_wishlist] [com.stepdefination.Test_ProductWishlist.the_user_adds_some_products_to_wishlist(Test_ProductWishlist.java:43)] - products added to wishlist
2020-04-13 01:03:30.856 INFO [main] [com.stepdefination.Test_WebshopRegister] [the_user_checks_the_recently_viewed_products] [com.stepdefination.Test_ProductWishlist.the_user_checks_the_recently_viewed_products(Test_ProductWishlist.java:50)] - Recently viewed products shown in the window
2020-04-13 01:03:44.750 DEBUG [main] [com.stepdefination.Test_WebshopRegister] [user_launches_to_chrome_page] [com.stepdefination.Test_AddAddress.user_launches_to_chrome_page(Test_AddAddress.java:24)] - firefox launched and website opened
2020-04-13 01:03:48.187 INFO [main] [com.stepdefination.Test_WebshopRegister] [user_logged_into_the_home_page] [com.stepdefination.Test_AddAddress.user_logged_into_the_home_page(Test_AddAddress.java:36)] - login successfully
2020-04-13 01:03:52.644 INFO [main] [com.stepdefination.Test_WebshopRegister] [the_user_can_add_the_address] [com.stepdefination.Test_AddAddress.the_user_can_add_the_address(Test_AddAddress.java:45)] - address added successfully
2020-04-13 06:11:35.055 DEBUG [main] [com.stepdefination.Test_WebshopRegister] [user_launches_webshop_page] [com.stepdefination.Test_WebshopRegister.user_launches_webshop_page(Test_WebshopRegister.java:21)] - Chrome Launched and navigated to website
2020-04-13 06:11:37.916 INFO [main] [com.stepdefination.Test_WebshopRegister] [user_enters_valid_credentials] [com.stepdefination.Test_WebshopRegister.user_enters_valid_credentials(Test_WebshopRegister.java:28)] - Required details for registration were entered
2020-04-13 06:11:37.919 WARN [main] [com.stepdefination.Test_WebshopRegister] [user_Registered_successfully] [com.stepdefination.Test_WebshopRegister.user_Registered_successfully(Test_WebshopRegister.java:32)] - You entered an existed email id
2020-04-13 06:11:37.920 ERROR [main] [com.stepdefination.Test_WebshopRegister] [user_Registered_successfully] [com.stepdefination.Test_WebshopRegister.user_Registered_successfully(Test_WebshopRegister.java:33)] - the registration is not successful
2020-04-13 06:12:05.767 DEBUG [main] [com.stepdefination.Test_LoginPage] [user_launches_demowebshop_page] [com.stepdefination.Test_LoginPage.user_launches_demowebshop_page(Test_LoginPage.java:27)] - firefox launched and website opened
2020-04-13 06:12:21.793 DEBUG [main] [com.stepdefination.TestAddtoCart] [the_user_launches_the_chrome_application] [com.stepdefination.TestAddtoCart.the_user_launches_the_chrome_application(TestAddtoCart.java:24)] - chrome Launched and navigated to website
2020-04-13 06:12:25.227 INFO [main] [com.stepdefination.TestAddtoCart] [the_user_logged_into_the_home_page] [com.stepdefination.TestAddtoCart.the_user_logged_into_the_home_page(TestAddtoCart.java:36)] - login successfully
2020-04-13 06:12:30.583 INFO [main] [com.stepdefination.TestAddtoCart] [the_user_search_the_product] [com.stepdefination.TestAddtoCart.the_user_search_the_product(TestAddtoCart.java:43)] - the products  were searched 
2020-04-13 06:12:30.900 INFO [main] [com.stepdefination.TestAddtoCart] [the_user_give_the_specifications] [com.stepdefination.TestAddtoCart.the_user_give_the_specifications(TestAddtoCart.java:51)] - Requird specifications were entered
2020-04-13 06:12:31.707 INFO [main] [com.stepdefination.TestAddtoCart] [the_user_adds_the_product_to_the_cart] [com.stepdefination.TestAddtoCart.the_user_adds_the_product_to_the_cart(TestAddtoCart.java:60)] - Products added to cart successfully
2020-04-13 06:12:46.341 DEBUG [main] [com.stepdefination.Test_WebshopRegister] [the_user_launches_chrome] [com.stepdefination.Test_ProductWishlist.the_user_launches_chrome(Test_ProductWishlist.java:24)] - Chrome launched and website opened
2020-04-13 06:12:49.501 INFO [main] [com.stepdefination.Test_WebshopRegister] [the_user_navigated_into_the_home_page] [com.stepdefination.Test_ProductWishlist.the_user_navigated_into_the_home_page(Test_ProductWishlist.java:35)] - login successfully
2020-04-13 06:12:57.748 INFO [main] [com.stepdefination.Test_WebshopRegister] [the_user_adds_some_products_to_wishlist] [com.stepdefination.Test_ProductWishlist.the_user_adds_some_products_to_wishlist(Test_ProductWishlist.java:43)] - products added to wishlist
2020-04-13 06:12:58.549 INFO [main] [com.stepdefination.Test_WebshopRegister] [the_user_checks_the_recently_viewed_products] [com.stepdefination.Test_ProductWishlist.the_user_checks_the_recently_viewed_products(Test_ProductWishlist.java:50)] - Recently viewed products shown in the window
2020-04-13 06:13:14.054 DEBUG [main] [com.stepdefination.Test_WebshopRegister] [user_launches_to_chrome_page] [com.stepdefination.Test_AddAddress.user_launches_to_chrome_page(Test_AddAddress.java:24)] - firefox launched and website opened
2020-04-13 06:13:17.842 INFO [main] [com.stepdefination.Test_WebshopRegister] [user_logged_into_the_home_page] [com.stepdefination.Test_AddAddress.user_logged_into_the_home_page(Test_AddAddress.java:36)] - login successfully
2020-04-13 06:13:23.533 INFO [main] [com.stepdefination.Test_WebshopRegister] [the_user_can_add_the_address] [com.stepdefination.Test_AddAddress.the_user_can_add_the_address(Test_AddAddress.java:45)] - address added successfully
2020-04-13 06:16:08.790 DEBUG [main] [com.stepdefination.Test_WebshopRegister] [user_launches_webshop_page] [com.stepdefination.Test_WebshopRegister.user_launches_webshop_page(Test_WebshopRegister.java:21)] - Chrome Launched and navigated to website
2020-04-13 07:13:20.712 DEBUG [main] [com.stepdefination.Test_WebshopRegister] [user_launches_webshop_page] [com.stepdefination.Test_WebshopRegister.user_launches_webshop_page(Test_WebshopRegister.java:21)] - Chrome Launched and navigated to website
2020-04-13 07:13:23.864 INFO [main] [com.stepdefination.Test_WebshopRegister] [user_enters_valid_credentials] [com.stepdefination.Test_WebshopRegister.user_enters_valid_credentials(Test_WebshopRegister.java:28)] - Required details for registration were entered
2020-04-13 07:13:23.867 WARN [main] [com.stepdefination.Test_WebshopRegister] [user_Registered_successfully] [com.stepdefination.Test_WebshopRegister.user_Registered_successfully(Test_WebshopRegister.java:32)] - You entered an existed email id
2020-04-13 07:13:23.867 ERROR [main] [com.stepdefination.Test_WebshopRegister] [user_Registered_successfully] [com.stepdefination.Test_WebshopRegister.user_Registered_successfully(Test_WebshopRegister.java:33)] - the registration is not successful
2020-04-13 07:13:37.905 DEBUG [main] [com.stepdefination.Test_LoginPage] [user_launches_demowebshop_page] [com.stepdefination.Test_LoginPage.user_launches_demowebshop_page(Test_LoginPage.java:27)] - firefox launched and website opened
2020-04-13 07:13:55.850 DEBUG [main] [com.stepdefination.TestAddtoCart] [the_user_launches_the_chrome_application] [com.stepdefination.TestAddtoCart.the_user_launches_the_chrome_application(TestAddtoCart.java:24)] - chrome Launched and navigated to website
2020-04-13 07:13:59.535 INFO [main] [com.stepdefination.TestAddtoCart] [the_user_logged_into_the_home_page] [com.stepdefination.TestAddtoCart.the_user_logged_into_the_home_page(TestAddtoCart.java:36)] - login successfully
2020-04-13 07:14:34.833 INFO [main] [com.stepdefination.TestAddtoCart] [the_user_search_the_product] [com.stepdefination.TestAddtoCart.the_user_search_the_product(TestAddtoCart.java:43)] - the products  were searched 
2020-04-13 07:15:00.880 DEBUG [main] [com.stepdefination.Test_WebshopRegister] [the_user_launches_chrome] [com.stepdefination.Test_ProductWishlist.the_user_launches_chrome(Test_ProductWishlist.java:24)] - Chrome launched and website opened
2020-04-13 07:15:05.618 INFO [main] [com.stepdefination.Test_WebshopRegister] [the_user_navigated_into_the_home_page] [com.stepdefination.Test_ProductWishlist.the_user_navigated_into_the_home_page(Test_ProductWishlist.java:35)] - login successfully
2020-04-13 07:16:32.076 DEBUG [main] [com.stepdefination.Test_WebshopRegister] [user_launches_to_chrome_page] [com.stepdefination.Test_AddAddress.user_launches_to_chrome_page(Test_AddAddress.java:24)] - firefox launched and website opened
2020-04-13 07:16:36.905 INFO [main] [com.stepdefination.Test_WebshopRegister] [user_logged_into_the_home_page] [com.stepdefination.Test_AddAddress.user_logged_into_the_home_page(Test_AddAddress.java:36)] - login successfully
2020-04-13 07:16:41.958 INFO [main] [com.stepdefination.Test_WebshopRegister] [the_user_can_add_the_address] [com.stepdefination.Test_AddAddress.the_user_can_add_the_address(Test_AddAddress.java:45)] - address added successfully
2020-04-13 07:34:02.456 DEBUG [main] [com.stepdefination.Test_WebshopRegister] [user_launches_webshop_page] [com.stepdefination.Test_WebshopRegister.user_launches_webshop_page(Test_WebshopRegister.java:21)] - Chrome Launched and navigated to website
2020-04-13 07:34:05.600 INFO [main] [com.stepdefination.Test_WebshopRegister] [user_enters_valid_credentials] [com.stepdefination.Test_WebshopRegister.user_enters_valid_credentials(Test_WebshopRegister.java:28)] - Required details for registration were entered
2020-04-13 07:34:05.602 WARN [main] [com.stepdefination.Test_WebshopRegister] [user_Registered_successfully] [com.stepdefination.Test_WebshopRegister.user_Registered_successfully(Test_WebshopRegister.java:32)] - You entered an existed email id
2020-04-13 07:34:05.603 ERROR [main] [com.stepdefination.Test_WebshopRegister] [user_Registered_successfully] [com.stepdefination.Test_WebshopRegister.user_Registered_successfully(Test_WebshopRegister.java:33)] - the registration is not successful
2020-04-13 07:34:20.635 DEBUG [main] [com.stepdefination.Test_LoginPage] [user_launches_demowebshop_page] [com.stepdefination.Test_LoginPage.user_launches_demowebshop_page(Test_LoginPage.java:27)] - firefox launched and website opened
2020-04-13 07:34:36.176 DEBUG [main] [com.stepdefination.TestAddtoCart] [the_user_launches_the_chrome_application] [com.stepdefination.TestAddtoCart.the_user_launches_the_chrome_application(TestAddtoCart.java:24)] - chrome Launched and navigated to website
2020-04-13 07:35:01.437 DEBUG [main] [com.stepdefination.Test_WebshopRegister] [the_user_launches_chrome] [com.stepdefination.Test_ProductWishlist.the_user_launches_chrome(Test_ProductWishlist.java:24)] - Chrome launched and website opened
2020-04-13 07:38:34.168 DEBUG [main] [com.stepdefination.Test_WebshopRegister] [user_launches_webshop_page] [com.stepdefination.Test_WebshopRegister.user_launches_webshop_page(Test_WebshopRegister.java:21)] - Chrome Launched and navigated to website
2020-04-13 07:38:37.428 INFO [main] [com.stepdefination.Test_WebshopRegister] [user_enters_valid_credentials] [com.stepdefination.Test_WebshopRegister.user_enters_valid_credentials(Test_WebshopRegister.java:28)] - Required details for registration were entered
2020-04-13 07:38:37.431 WARN [main] [com.stepdefination.Test_WebshopRegister] [user_Registered_successfully] [com.stepdefination.Test_WebshopRegister.user_Registered_successfully(Test_WebshopRegister.java:32)] - You entered an existed email id
2020-04-13 07:38:37.432 ERROR [main] [com.stepdefination.Test_WebshopRegister] [user_Registered_successfully] [com.stepdefination.Test_WebshopRegister.user_Registered_successfully(Test_WebshopRegister.java:33)] - the registration is not successful
2020-04-13 07:38:59.687 DEBUG [main] [com.stepdefination.Test_LoginPage] [user_launches_demowebshop_page] [com.stepdefination.Test_LoginPage.user_launches_demowebshop_page(Test_LoginPage.java:27)] - firefox launched and website opened
2020-04-13 07:39:16.151 DEBUG [main] [com.stepdefination.TestAddtoCart] [the_user_launches_the_chrome_application] [com.stepdefination.TestAddtoCart.the_user_launches_the_chrome_application(TestAddtoCart.java:24)] - chrome Launched and navigated to website
2020-04-13 07:39:19.186 INFO [main] [com.stepdefination.TestAddtoCart] [the_user_logged_into_the_home_page] [com.stepdefination.TestAddtoCart.the_user_logged_into_the_home_page(TestAddtoCart.java:34)] - login successfully
2020-04-13 07:39:53.225 INFO [main] [com.stepdefination.TestAddtoCart] [the_user_search_the_product] [com.stepdefination.TestAddtoCart.the_user_search_the_product(TestAddtoCart.java:41)] - the products  were searched 
2020-04-13 07:40:18.269 DEBUG [main] [com.stepdefination.Test_WebshopRegister] [the_user_launches_chrome] [com.stepdefination.Test_ProductWishlist.the_user_launches_chrome(Test_ProductWishlist.java:24)] - Chrome launched and website opened
2020-04-13 07:40:20.976 INFO [main] [com.stepdefination.Test_WebshopRegister] [the_user_navigated_into_the_home_page] [com.stepdefination.Test_ProductWishlist.the_user_navigated_into_the_home_page(Test_ProductWishlist.java:33)] - login successfully
2020-04-13 07:40:30.221 INFO [main] [com.stepdefination.Test_WebshopRegister] [the_user_adds_some_products_to_wishlist] [com.stepdefination.Test_ProductWishlist.the_user_adds_some_products_to_wishlist(Test_ProductWishlist.java:41)] - products added to wishlist
2020-04-13 07:40:31.217 INFO [main] [com.stepdefination.Test_WebshopRegister] [the_user_checks_the_recently_viewed_products] [com.stepdefination.Test_ProductWishlist.the_user_checks_the_recently_viewed_products(Test_ProductWishlist.java:48)] - Recently viewed products shown in the window
2020-04-13 07:40:45.846 DEBUG [main] [com.stepdefination.Test_WebshopRegister] [user_launches_to_chrome_page] [com.stepdefination.Test_AddAddress.user_launches_to_chrome_page(Test_AddAddress.java:24)] - firefox launched and website opened
2020-04-13 07:40:51.329 INFO [main] [com.stepdefination.Test_WebshopRegister] [user_logged_into_the_home_page] [com.stepdefination.Test_AddAddress.user_logged_into_the_home_page(Test_AddAddress.java:34)] - login successfully
2020-04-13 07:40:58.936 INFO [main] [com.stepdefination.Test_WebshopRegister] [the_user_can_add_the_address] [com.stepdefination.Test_AddAddress.the_user_can_add_the_address(Test_AddAddress.java:43)] - address added successfully
2020-04-13 07:47:44.581 DEBUG [main] [com.stepdefination.Test_WebshopRegister] [user_launches_webshop_page] [com.stepdefination.Test_WebshopRegister.user_launches_webshop_page(Test_WebshopRegister.java:21)] - Chrome Launched and navigated to website
2020-04-13 07:47:48.986 INFO [main] [com.stepdefination.Test_WebshopRegister] [user_enters_valid_credentials] [com.stepdefination.Test_WebshopRegister.user_enters_valid_credentials(Test_WebshopRegister.java:28)] - Required details for registration were entered
2020-04-13 07:47:48.990 WARN [main] [com.stepdefination.Test_WebshopRegister] [user_Registered_successfully] [com.stepdefination.Test_WebshopRegister.user_Registered_successfully(Test_WebshopRegister.java:32)] - You entered an existed email id
2020-04-13 07:47:48.991 ERROR [main] [com.stepdefination.Test_WebshopRegister] [user_Registered_successfully] [com.stepdefination.Test_WebshopRegister.user_Registered_successfully(Test_WebshopRegister.java:33)] - the registration is not successful
2020-04-13 07:48:14.291 DEBUG [main] [com.stepdefination.Test_LoginPage] [user_launches_demowebshop_page] [com.stepdefination.Test_LoginPage.user_launches_demowebshop_page(Test_LoginPage.java:27)] - firefox launched and website opened
2020-04-13 07:48:27.185 INFO [main] [com.stepdefination.Test_LoginPage] [user_enters_valid_credentials] [com.stepdefination.Test_LoginPage.user_enters_valid_credentials(Test_LoginPage.java:50)] - credentials entered
2020-04-13 07:48:27.193 INFO [main] [com.stepdefination.Test_LoginPage] [user_can_login_successfully] [com.stepdefination.Test_LoginPage.user_can_login_successfully(Test_LoginPage.java:57)] - login successfully
2020-04-13 07:48:47.369 DEBUG [main] [com.stepdefination.TestAddtoCart] [the_user_launches_the_chrome_application] [com.stepdefination.TestAddtoCart.the_user_launches_the_chrome_application(TestAddtoCart.java:24)] - chrome Launched and navigated to website
2020-04-13 07:48:50.290 INFO [main] [com.stepdefination.TestAddtoCart] [the_user_logged_into_the_home_page] [com.stepdefination.TestAddtoCart.the_user_logged_into_the_home_page(TestAddtoCart.java:34)] - login successfully
2020-04-13 07:48:56.747 INFO [main] [com.stepdefination.TestAddtoCart] [the_user_search_the_product] [com.stepdefination.TestAddtoCart.the_user_search_the_product(TestAddtoCart.java:41)] - the products  were searched 
2020-04-13 07:48:57.227 INFO [main] [com.stepdefination.TestAddtoCart] [the_user_give_the_specifications] [com.stepdefination.TestAddtoCart.the_user_give_the_specifications(TestAddtoCart.java:49)] - Requird specifications were entered
2020-04-13 07:48:58.112 INFO [main] [com.stepdefination.TestAddtoCart] [the_user_adds_the_product_to_the_cart] [com.stepdefination.TestAddtoCart.the_user_adds_the_product_to_the_cart(TestAddtoCart.java:58)] - Products added to cart successfully
2020-04-13 07:49:10.941 DEBUG [main] [com.stepdefination.Test_WebshopRegister] [the_user_launches_chrome] [com.stepdefination.Test_ProductWishlist.the_user_launches_chrome(Test_ProductWishlist.java:24)] - Chrome launched and website opened
2020-04-13 07:49:13.543 INFO [main] [com.stepdefination.Test_WebshopRegister] [the_user_navigated_into_the_home_page] [com.stepdefination.Test_ProductWishlist.the_user_navigated_into_the_home_page(Test_ProductWishlist.java:33)] - login successfully
2020-04-13 07:52:44.351 DEBUG [main] [com.stepdefination.Test_WebshopRegister] [user_launches_webshop_page] [com.stepdefination.Test_WebshopRegister.user_launches_webshop_page(Test_WebshopRegister.java:21)] - Chrome Launched and navigated to website
2020-04-13 07:52:49.286 INFO [main] [com.stepdefination.Test_WebshopRegister] [user_enters_valid_credentials] [com.stepdefination.Test_WebshopRegister.user_enters_valid_credentials(Test_WebshopRegister.java:28)] - Required details for registration were entered
2020-04-13 07:52:49.290 WARN [main] [com.stepdefination.Test_WebshopRegister] [user_Registered_successfully] [com.stepdefination.Test_WebshopRegister.user_Registered_successfully(Test_WebshopRegister.java:32)] - You entered an existed email id
2020-04-13 07:52:49.290 ERROR [main] [com.stepdefination.Test_WebshopRegister] [user_Registered_successfully] [com.stepdefination.Test_WebshopRegister.user_Registered_successfully(Test_WebshopRegister.java:33)] - the registration is not successful
2020-04-13 07:53:05.364 DEBUG [main] [com.stepdefination.Test_LoginPage] [user_launches_demowebshop_page] [com.stepdefination.Test_LoginPage.user_launches_demowebshop_page(Test_LoginPage.java:27)] - chrome launched and website opened
2020-04-13 07:53:12.617 INFO [main] [com.stepdefination.Test_LoginPage] [user_enters_valid_credentials] [com.stepdefination.Test_LoginPage.user_enters_valid_credentials(Test_LoginPage.java:50)] - credentials entered
2020-04-13 07:53:12.620 INFO [main] [com.stepdefination.Test_LoginPage] [user_can_login_successfully] [com.stepdefination.Test_LoginPage.user_can_login_successfully(Test_LoginPage.java:57)] - login successfully
2020-04-13 07:53:30.894 DEBUG [main] [com.stepdefination.TestAddtoCart] [the_user_launches_the_chrome_application] [com.stepdefination.TestAddtoCart.the_user_launches_the_chrome_application(TestAddtoCart.java:24)] - chrome Launched and navigated to website
2020-04-13 07:53:34.464 INFO [main] [com.stepdefination.TestAddtoCart] [the_user_logged_into_the_home_page] [com.stepdefination.TestAddtoCart.the_user_logged_into_the_home_page(TestAddtoCart.java:34)] - login successfully
2020-04-13 07:53:40.750 INFO [main] [com.stepdefination.TestAddtoCart] [the_user_search_the_product] [com.stepdefination.TestAddtoCart.the_user_search_the_product(TestAddtoCart.java:41)] - the products  were searched 
2020-04-13 07:53:41.457 INFO [main] [com.stepdefination.TestAddtoCart] [the_user_give_the_specifications] [com.stepdefination.TestAddtoCart.the_user_give_the_specifications(TestAddtoCart.java:49)] - Requird specifications were entered
2020-04-13 07:53:42.660 INFO [main] [com.stepdefination.TestAddtoCart] [the_user_adds_the_product_to_the_cart] [com.stepdefination.TestAddtoCart.the_user_adds_the_product_to_the_cart(TestAddtoCart.java:58)] - Products added to cart successfully
2020-04-13 07:53:59.845 DEBUG [main] [com.stepdefination.Test_WebshopRegister] [the_user_launches_chrome] [com.stepdefination.Test_ProductWishlist.the_user_launches_chrome(Test_ProductWishlist.java:24)] - Chrome launched and website opened
2020-04-13 07:54:02.241 INFO [main] [com.stepdefination.Test_WebshopRegister] [the_user_navigated_into_the_home_page] [com.stepdefination.Test_ProductWishlist.the_user_navigated_into_the_home_page(Test_ProductWishlist.java:33)] - login successfully
2020-04-13 07:55:30.619 DEBUG [main] [com.stepdefination.Test_WebshopRegister] [user_launches_to_chrome_page] [com.stepdefination.Test_AddAddress.user_launches_to_chrome_page(Test_AddAddress.java:24)] - firefox launched and website opened
2020-04-13 07:55:34.472 INFO [main] [com.stepdefination.Test_WebshopRegister] [user_logged_into_the_home_page] [com.stepdefination.Test_AddAddress.user_logged_into_the_home_page(Test_AddAddress.java:34)] - login successfully
2020-04-13 07:55:42.194 INFO [main] [com.stepdefination.Test_WebshopRegister] [the_user_can_add_the_address] [com.stepdefination.Test_AddAddress.the_user_can_add_the_address(Test_AddAddress.java:43)] - address added successfully
2020-04-13 07:59:10.415 DEBUG [main] [com.stepdefination.Test_WebshopRegister] [user_launches_webshop_page] [com.stepdefination.Test_WebshopRegister.user_launches_webshop_page(Test_WebshopRegister.java:21)] - Chrome Launched and navigated to website
2020-04-13 07:59:13.690 INFO [main] [com.stepdefination.Test_WebshopRegister] [user_enters_valid_credentials] [com.stepdefination.Test_WebshopRegister.user_enters_valid_credentials(Test_WebshopRegister.java:28)] - Required details for registration were entered
2020-04-13 07:59:13.692 WARN [main] [com.stepdefination.Test_WebshopRegister] [user_Registered_successfully] [com.stepdefination.Test_WebshopRegister.user_Registered_successfully(Test_WebshopRegister.java:32)] - You entered an existed email id
2020-04-13 07:59:13.693 ERROR [main] [com.stepdefination.Test_WebshopRegister] [user_Registered_successfully] [com.stepdefination.Test_WebshopRegister.user_Registered_successfully(Test_WebshopRegister.java:33)] - the registration is not successful
2020-04-13 07:59:29.160 DEBUG [main] [com.stepdefination.Test_LoginPage] [user_launches_demowebshop_page] [com.stepdefination.Test_LoginPage.user_launches_demowebshop_page(Test_LoginPage.java:27)] - chrome launched and website opened
2020-04-13 07:59:32.799 INFO [main] [com.stepdefination.Test_LoginPage] [user_enters_valid_credentials] [com.stepdefination.Test_LoginPage.user_enters_valid_credentials(Test_LoginPage.java:50)] - credentials entered
2020-04-13 07:59:32.802 INFO [main] [com.stepdefination.Test_LoginPage] [user_can_login_successfully] [com.stepdefination.Test_LoginPage.user_can_login_successfully(Test_LoginPage.java:57)] - login successfully
2020-04-13 07:59:46.918 DEBUG [main] [com.stepdefination.TestAddtoCart] [the_user_launches_the_chrome_application] [com.stepdefination.TestAddtoCart.the_user_launches_the_chrome_application(TestAddtoCart.java:24)] - chrome Launched and navigated to website
2020-04-13 07:59:50.443 INFO [main] [com.stepdefination.TestAddtoCart] [the_user_logged_into_the_home_page] [com.stepdefination.TestAddtoCart.the_user_logged_into_the_home_page(TestAddtoCart.java:34)] - login successfully
2020-04-13 07:59:56.805 INFO [main] [com.stepdefination.TestAddtoCart] [the_user_search_the_product] [com.stepdefination.TestAddtoCart.the_user_search_the_product(TestAddtoCart.java:41)] - the products  were searched 
2020-04-13 07:59:57.297 INFO [main] [com.stepdefination.TestAddtoCart] [the_user_give_the_specifications] [com.stepdefination.TestAddtoCart.the_user_give_the_specifications(TestAddtoCart.java:49)] - Requird specifications were entered
2020-04-13 07:59:58.380 INFO [main] [com.stepdefination.TestAddtoCart] [the_user_adds_the_product_to_the_cart] [com.stepdefination.TestAddtoCart.the_user_adds_the_product_to_the_cart(TestAddtoCart.java:58)] - Products added to cart successfully
2020-04-13 08:00:13.198 DEBUG [main] [com.stepdefination.Test_WebshopRegister] [the_user_launches_chrome] [com.stepdefination.Test_ProductWishlist.the_user_launches_chrome(Test_ProductWishlist.java:24)] - Chrome launched and website opened
2020-04-13 08:00:16.849 INFO [main] [com.stepdefination.Test_WebshopRegister] [the_user_navigated_into_the_home_page] [com.stepdefination.Test_ProductWishlist.the_user_navigated_into_the_home_page(Test_ProductWishlist.java:33)] - login successfully
2020-04-13 08:00:30.844 INFO [main] [com.stepdefination.Test_WebshopRegister] [the_user_adds_some_products_to_wishlist] [com.stepdefination.Test_ProductWishlist.the_user_adds_some_products_to_wishlist(Test_ProductWishlist.java:41)] - products added to wishlist
2020-04-13 08:00:31.871 INFO [main] [com.stepdefination.Test_WebshopRegister] [the_user_checks_the_recently_viewed_products] [com.stepdefination.Test_ProductWishlist.the_user_checks_the_recently_viewed_products(Test_ProductWishlist.java:48)] - Recently viewed products shown in the window
2020-04-13 08:01:04.165 DEBUG [main] [com.stepdefination.Test_WebshopRegister] [user_launches_to_chrome_page] [com.stepdefination.Test_AddAddress.user_launches_to_chrome_page(Test_AddAddress.java:24)] - firefox launched and website opened
2020-04-13 08:01:07.589 INFO [main] [com.stepdefination.Test_WebshopRegister] [user_logged_into_the_home_page] [com.stepdefination.Test_AddAddress.user_logged_into_the_home_page(Test_AddAddress.java:34)] - login successfully
2020-04-13 08:01:15.240 INFO [main] [com.stepdefination.Test_WebshopRegister] [the_user_can_add_the_address] [com.stepdefination.Test_AddAddress.the_user_can_add_the_address(Test_AddAddress.java:43)] - address added successfully
